Using pre-set license

 COMMAND LINE ARGUMENTS:
/Applications/Unity/Hub/Editor/2020.3.0f1/Unity.app/Contents/MacOS/Unity
-adb2
-batchMode
-noUpm
-name
AssetImportWorker0
-projectPath
/Users/cemaltuysuz/crazy bird
-logFile
Logs/AssetImportWorker0.log
-srvPort
52112
Successfully changed project path to: /Users/cemaltuysuz/crazy bird
/Users/cemaltuysuz/crazy bird
Using Asset Import Pipeline V2.
Refreshing native plugins compatible for Editor in 29.90 ms, found 2 plugins.
Preloading 0 native plugins for Editor in 0.00 ms.
Initialize engine version: 2020.3.0f1 (c7b5465681fb)
[Subsystems] Discovering subsystems at path /Applications/Unity/Hub/Editor/2020.3.0f1/Unity.app/Contents/Resources/UnitySubsystems
[Subsystems] Discovering subsystems at path /Users/cemaltuysuz/crazy bird/Assets
GfxDevice: creating device client; threaded=0
2021-04-13 14:37:06.768 Unity[1848:46209] (null) preferred device: Apple M1 (high power)
2021-04-13 14:37:06.768 Unity[1848:46209] Metal devices available: 1
2021-04-13 14:37:06.768 Unity[1848:46209] 0: Apple M1 (high power)
2021-04-13 14:37:06.768 Unity[1848:46209] Using device Apple M1 (high power)
Initializing Metal device caps: Apple M1
Initialize mono
Mono path[0] = '/Applications/Unity/Hub/Editor/2020.3.0f1/Unity.app/Contents/Managed'
Mono path[1] = '/Applications/Unity/Hub/Editor/2020.3.0f1/Unity.app/Contents/MonoBleedingEdge/lib/mono/unityjit'
Mono config path = '/Applications/Unity/Hub/Editor/2020.3.0f1/Unity.app/Contents/MonoBleedingEdge/etc'
Using monoOptions --debugger-agent=transport=dt_socket,embedding=1,server=y,suspend=n,address=127.0.0.1:56848
Begin MonoManager ReloadAssembly
Registering precompiled unity dll's ...
Register platform support module: /Applications/Unity/Hub/Editor/2020.3.0f1/Unity.app/Contents/PlaybackEngines/MacStandaloneSupport/UnityEditor.OSXStandalone.Extensions.dll
Registered in 0.000372 seconds.
Native extension for OSXStandalone target not found
Refreshing native plugins compatible for Editor in 31.70 ms, found 2 plugins.
Preloading 0 native plugins for Editor in 0.00 ms.
Invoked RoslynAnalysisRunner static constructor.
RoslynAnalysisRunner will not be running.
RoslynAnalysisRunner has terminated.
Mono: successfully reloaded assembly
- Completed reload, in  2.525 seconds
Platform modules already initialized, skipping
Registering precompiled user dll's ...
Registered in 0.000283 seconds.
Begin MonoManager ReloadAssembly
Native extension for OSXStandalone target not found
Refreshing native plugins compatible for Editor in 31.50 ms, found 2 plugins.
Preloading 0 native plugins for Editor in 0.00 ms.
Invoked RoslynAnalysisRunner static constructor.
RoslynAnalysisRunner will not be running.
RoslynAnalysisRunner has terminated.
Mono: successfully reloaded assembly
- Completed reload, in  1.633 seconds
Platform modules already initialized, skipping
========================================================================
Worker process is ready to serve import requests
Launching external process: /Applications/Unity/Hub/Editor/2020.3.0f1/Unity.app/Contents/Tools/UnityShaderCompiler
Launched and connected shader compiler UnityShaderCompiler after 0.03 seconds
Refreshing native plugins compatible for Editor in 0.29 ms, found 2 plugins.
Preloading 0 native plugins for Editor in 0.00 ms.
Unloading 1812 Unused Serialized files (Serialized files now loaded: 0)
System memory in use before: 147.8 MB.
System memory in use after: 147.8 MB.

Unloading 23 unused Assets to reduce memory usage. Loaded Objects now: 2257.
Total: 1.598417 ms (FindLiveObjects: 0.188834 ms CreateObjectMapping: 0.037417 ms MarkObjects: 1.246541 ms  DeleteObjects: 0.124375 ms)

========================================================================
Received Import Request.
  path: Assets/Move.cs
  artifactKey: Guid(aa5da1b3ec0494e1c9dd037a1c88a7eb) Importer(815301076,1909f56bfc062723c751e8b465ee728b)
Start importing Assets/Move.cs using Guid(aa5da1b3ec0494e1c9dd037a1c88a7eb) Importer(815301076,1909f56bfc062723c751e8b465ee728b)  -> (artifact id: 'fb617d7b10aae18230e0ca91fff3a376') in 1.360057 seconds
  Import took 1.362760 seconds .

========================================================================
Received Import Request.
  Time since last request: 1999.644291 seconds.
  path: Assets/addScrore.cs
  artifactKey: Guid(38b4d9ec2a6bf46ee8b05f8118fd091f) Importer(815301076,1909f56bfc062723c751e8b465ee728b)
Start importing Assets/addScrore.cs using Guid(38b4d9ec2a6bf46ee8b05f8118fd091f) Importer(815301076,1909f56bfc062723c751e8b465ee728b)  -> (artifact id: '218e0af77b7635659fbc3fd1d7ae1001') in 0.002437 seconds
  Import took 0.005007 seconds .

